This is pdfTeX, Version 3.141592653-2.6-1.40.24 (TeX Live 2022) (preloaded format=pdflatex 2022.9.14)  7 FEB 2023 22:14
entering extended mode
 \write18 enabled.
 %&-line parsing enabled.
**docTecnica.tex
(./docTecnica.tex
LaTeX2e <2022-06-01> patch level 5
L3 programming layer <2022-08-30>
(c:/texlive/2022/texmf-dist/tex/latex/base/article.cls
Document Class: article 2021/10/04 v1.4n Standard LaTeX document class
(c:/texlive/2022/texmf-dist/tex/latex/base/size10.clo
File: size10.clo 2021/10/04 v1.4n Standard LaTeX file (size option)
)
\c@part=\count185
\c@section=\count186
\c@subsection=\count187
\c@subsubsection=\count188
\c@paragraph=\count189
\c@subparagraph=\count190
\c@figure=\count191
\c@table=\count192
\abovecaptionskip=\skip47
\belowcaptionskip=\skip48
\bibindent=\dimen138
)
(c:/texlive/2022/texmf-dist/tex/latex/base/inputenc.sty
Package: inputenc 2021/02/14 v1.3d Input encoding file
\inpenc@prehook=\toks16
\inpenc@posthook=\toks17
)
(c:/texlive/2022/texmf-dist/tex/latex/base/fontenc.sty
Package: fontenc 2021/04/29 v2.0v Standard LaTeX package
)
(c:/texlive/2022/texmf-dist/tex/generic/babel/babel.sty
Package: babel 2022/08/29 3.79 The Babel package
\babel@savecnt=\count193
\U@D=\dimen139
\l@unhyphenated=\language16

(c:/texlive/2022/texmf-dist/tex/generic/babel/txtbabel.def)
\bbl@readstream=\read2
\bbl@dirlevel=\count194

(c:/texlive/2022/texmf-dist/tex/generic/babel-italian/italian.ldf
Language: italian 2022/03/27 v.1.4.07 Italian support for the babel system
\it@lettering=\count195
\it@doublequoteactive=\count196
\it@ISOcompliance=\count197
))
(c:/texlive/2022/texmf-dist/tex/generic/babel/locale/it/babel-italian.tex
Package babel Info: Importing font and identification data for italian
(babel)             from babel-it.ini. Reported on input line 11.
)
(c:/texlive/2022/texmf-dist/tex/latex/etoolbox/etoolbox.sty
Package: etoolbox 2020/10/05 v2.5k e-TeX tools for LaTeX (JAW)
\etb@tempcnta=\count198
)
(c:/texlive/2022/texmf-dist/tex/generic/dirtree/dirtree.sty
Package: dirtree 2012/12/11 v0.32 package wrapper for dirtree

(c:/texlive/2022/texmf-dist/tex/generic/dirtree/dirtree.tex
`dirtree' v0.32, 2012/12/11 (jcc)
\DT@offset=\dimen140
\DT@width=\dimen141
\DT@sep=\dimen142
\DT@all=\dimen143
\DT@rulewidth=\dimen144
\DT@dotwidth=\dimen145
\DTbaselineskip=\dimen146
\DT@counti=\count199
\DT@countii=\count266
\DT@countiii=\count267
\DT@countiv=\count268
\DT@indent=\dimen147
\DT@parskip=\dimen148
\DT@baselineskip=\dimen149
)
File: dirtree.tex 2012/12/11 v0.32 `dirtree' (jcc)
)
(c:/texlive/2022/texmf-dist/tex/latex/tools/verbatim.sty
Package: verbatim 2020-07-07 v1.5u LaTeX2e package for verbatim enhancements
\every@verbatim=\toks18
\verbatim@line=\toks19
\verbatim@in@stream=\read3
)
(c:/texlive/2022/texmf-dist/tex/latex/graphics/graphicx.sty
Package: graphicx 2021/09/16 v1.2d Enhanced LaTeX Graphics (DPC,SPQR)

(c:/texlive/2022/texmf-dist/tex/latex/graphics/keyval.sty
Package: keyval 2022/05/29 v1.15 key=value parser (DPC)
\KV@toks@=\toks20
)
(c:/texlive/2022/texmf-dist/tex/latex/graphics/graphics.sty
Package: graphics 2022/03/10 v1.4e Standard LaTeX Graphics (DPC,SPQR)

(c:/texlive/2022/texmf-dist/tex/latex/graphics/trig.sty
Package: trig 2021/08/11 v1.11 sin cos tan (DPC)
)
(c:/texlive/2022/texmf-dist/tex/latex/graphics-cfg/graphics.cfg
File: graphics.cfg 2016/06/04 v1.11 sample graphics configuration
)
Package graphics Info: Driver file: pdftex.def on input line 107.

(c:/texlive/2022/texmf-dist/tex/latex/graphics-def/pdftex.def
File: pdftex.def 2020/10/05 v1.2a Graphics/color driver for pdftex
))
\Gin@req@height=\dimen150
\Gin@req@width=\dimen151
)
(c:/texlive/2022/texmf-dist/tex/latex/hyperref/hyperref.sty
Package: hyperref 2022-06-20 v7.00s Hypertext links for LaTeX

(c:/texlive/2022/texmf-dist/tex/generic/ltxcmds/ltxcmds.sty
Package: ltxcmds 2020-05-10 v1.25 LaTeX kernel commands for general use (HO)
)
(c:/texlive/2022/texmf-dist/tex/generic/iftex/iftex.sty
Package: iftex 2022/02/03 v1.0f TeX engine tests
)
(c:/texlive/2022/texmf-dist/tex/generic/pdftexcmds/pdftexcmds.sty
Package: pdftexcmds 2020-06-27 v0.33 Utility functions of pdfTeX for LuaTeX (HO
)

(c:/texlive/2022/texmf-dist/tex/generic/infwarerr/infwarerr.sty
Package: infwarerr 2019/12/03 v1.5 Providing info/warning/error messages (HO)
)
Package pdftexcmds Info: \pdf@primitive is available.
Package pdftexcmds Info: \pdf@ifprimitive is available.
Package pdftexcmds Info: \pdfdraftmode found.
)
(c:/texlive/2022/texmf-dist/tex/generic/kvsetkeys/kvsetkeys.sty
Package: kvsetkeys 2019/12/15 v1.18 Key value parser (HO)
)
(c:/texlive/2022/texmf-dist/tex/generic/kvdefinekeys/kvdefinekeys.sty
Package: kvdefinekeys 2019-12-19 v1.6 Define keys (HO)
)
(c:/texlive/2022/texmf-dist/tex/generic/pdfescape/pdfescape.sty
Package: pdfescape 2019/12/09 v1.15 Implements pdfTeX's escape features (HO)
)
(c:/texlive/2022/texmf-dist/tex/latex/hycolor/hycolor.sty
Package: hycolor 2020-01-27 v1.10 Color options for hyperref/bookmark (HO)
)
(c:/texlive/2022/texmf-dist/tex/latex/letltxmacro/letltxmacro.sty
Package: letltxmacro 2019/12/03 v1.6 Let assignment for LaTeX macros (HO)
)
(c:/texlive/2022/texmf-dist/tex/latex/auxhook/auxhook.sty
Package: auxhook 2019-12-17 v1.6 Hooks for auxiliary files (HO)
)
(c:/texlive/2022/texmf-dist/tex/latex/hyperref/nameref.sty
Package: nameref 2022-05-17 v2.50 Cross-referencing by name of section

(c:/texlive/2022/texmf-dist/tex/latex/refcount/refcount.sty
Package: refcount 2019/12/15 v3.6 Data extraction from label references (HO)
)
(c:/texlive/2022/texmf-dist/tex/generic/gettitlestring/gettitlestring.sty
Package: gettitlestring 2019/12/15 v1.6 Cleanup title references (HO)

(c:/texlive/2022/texmf-dist/tex/latex/kvoptions/kvoptions.sty
Package: kvoptions 2022-06-15 v3.15 Key value format for package options (HO)
))
\c@section@level=\count269
)
\@linkdim=\dimen152
\Hy@linkcounter=\count270
\Hy@pagecounter=\count271

(c:/texlive/2022/texmf-dist/tex/latex/hyperref/pd1enc.def
File: pd1enc.def 2022-06-20 v7.00s Hyperref: PDFDocEncoding definition (HO)
Now handling font encoding PD1 ...
... no UTF-8 mapping file for font encoding PD1
)
(c:/texlive/2022/texmf-dist/tex/generic/intcalc/intcalc.sty
Package: intcalc 2019/12/15 v1.3 Expandable calculations with integers (HO)
)
(c:/texlive/2022/texmf-dist/tex/generic/etexcmds/etexcmds.sty
Package: etexcmds 2019/12/15 v1.7 Avoid name clashes with e-TeX commands (HO)
)
\Hy@SavedSpaceFactor=\count272

(c:/texlive/2022/texmf-dist/tex/latex/hyperref/puenc.def
File: puenc.def 2022-06-20 v7.00s Hyperref: PDF Unicode definition (HO)
Now handling font encoding PU ...
... no UTF-8 mapping file for font encoding PU
)
Package hyperref Info: Hyper figures OFF on input line 4162.
Package hyperref Info: Link nesting OFF on input line 4167.
Package hyperref Info: Hyper index ON on input line 4170.
Package hyperref Info: Plain pages OFF on input line 4177.
Package hyperref Info: Backreferencing OFF on input line 4182.
Package hyperref Info: Implicit mode ON; LaTeX internals redefined.
Package hyperref Info: Bookmarks ON on input line 4408.
\c@Hy@tempcnt=\count273

(c:/texlive/2022/texmf-dist/tex/latex/url/url.sty
\Urlmuskip=\muskip16
Package: url 2013/09/16  ver 3.4  Verb mode for urls, etc.
)
LaTeX Info: Redefining \url on input line 4746.
\XeTeXLinkMargin=\dimen153

(c:/texlive/2022/texmf-dist/tex/generic/bitset/bitset.sty
Package: bitset 2019/12/09 v1.3 Handle bit-vector datatype (HO)

(c:/texlive/2022/texmf-dist/tex/generic/bigintcalc/bigintcalc.sty
Package: bigintcalc 2019/12/15 v1.5 Expandable calculations on big integers (HO
)
))
\Fld@menulength=\count274
\Field@Width=\dimen154
\Fld@charsize=\dimen155
Package hyperref Info: Hyper figures OFF on input line 6024.
Package hyperref Info: Link nesting OFF on input line 6029.
Package hyperref Info: Hyper index ON on input line 6032.
Package hyperref Info: backreferencing OFF on input line 6039.
Package hyperref Info: Link coloring OFF on input line 6044.
Package hyperref Info: Link coloring with OCG OFF on input line 6049.
Package hyperref Info: PDF/A mode OFF on input line 6054.

(c:/texlive/2022/texmf-dist/tex/latex/base/atbegshi-ltx.sty
Package: atbegshi-ltx 2021/01/10 v1.0c Emulation of the original atbegshi
package with kernel methods
)
\Hy@abspage=\count275
\c@Item=\count276
\c@Hfootnote=\count277
)
Package hyperref Info: Driver (autodetected): hpdftex.

(c:/texlive/2022/texmf-dist/tex/latex/hyperref/hpdftex.def
File: hpdftex.def 2022-06-20 v7.00s Hyperref driver for pdfTeX

(c:/texlive/2022/texmf-dist/tex/latex/base/atveryend-ltx.sty
Package: atveryend-ltx 2020/08/19 v1.0a Emulation of the original atveryend pac
kage
with kernel methods
)
\Fld@listcount=\count278
\c@bookmark@seq@number=\count279

(c:/texlive/2022/texmf-dist/tex/latex/rerunfilecheck/rerunfilecheck.sty
Package: rerunfilecheck 2022-07-10 v1.10 Rerun checks for auxiliary files (HO)

(c:/texlive/2022/texmf-dist/tex/generic/uniquecounter/uniquecounter.sty
Package: uniquecounter 2019/12/15 v1.4 Provide unlimited unique counter (HO)
)
Package uniquecounter Info: New unique counter `rerunfilecheck' on input line 2
85.
)
\Hy@SectionHShift=\skip49
)
(c:/texlive/2022/texmf-dist/tex/latex/minted/minted.sty
Package: minted 2021/12/24 v2.6 Yet another Pygments shim for LaTeX

(c:/texlive/2022/texmf-dist/tex/latex/fvextra/fvextra.sty
Package: fvextra 2019/02/04 v1.4 fvextra - extensions and patches for fancyvrb

(c:/texlive/2022/texmf-dist/tex/latex/base/ifthen.sty
Package: ifthen 2022/04/13 v1.1d Standard LaTeX ifthen package (DPC)
)
(c:/texlive/2022/texmf-dist/tex/latex/fancyvrb/fancyvrb.sty
Package: fancyvrb 2022/06/06 4.5 verbatim text (tvz,hv)
\FV@CodeLineNo=\count280
\FV@InFile=\read4
\FV@TabBox=\box51
\c@FancyVerbLine=\count281
\FV@StepNumber=\count282
\FV@OutFile=\write3
)
(c:/texlive/2022/texmf-dist/tex/latex/upquote/upquote.sty
Package: upquote 2012/04/19 v1.3 upright-quote and grave-accent glyphs in verba
tim

(c:/texlive/2022/texmf-dist/tex/latex/base/textcomp.sty
Package: textcomp 2020/02/02 v2.0n Standard LaTeX package
))
(c:/texlive/2022/texmf-dist/tex/latex/lineno/lineno.sty
Package: lineno 2005/11/02 line numbers on paragraphs v4.41
\linenopenalty=\count283
\output=\toks21
\linenoprevgraf=\count284
\linenumbersep=\dimen156
\linenumberwidth=\dimen157
\c@linenumber=\count285
\c@pagewiselinenumber=\count286
\c@LN@truepage=\count287
\c@internallinenumber=\count288
\c@internallinenumbers=\count289
\quotelinenumbersep=\dimen158
\bframerule=\dimen159
\bframesep=\dimen160
\bframebox=\box52
LaTeX Info: Redefining \\ on input line 3056.
)
\c@FV@TrueTabGroupLevel=\count290
\c@FV@TrueTabCounter=\count291
\FV@TabBox@Group=\box53
\FV@TmpLength=\skip50
\c@FV@HighlightLinesStart=\count292
\c@FV@HighlightLinesStop=\count293
\FV@LoopCount=\count294
\FV@NCharsBox=\box54
\FV@BreakIndent=\dimen161
\FV@BreakIndentNChars=\count295
\FV@BreakSymbolSepLeft=\dimen162
\FV@BreakSymbolSepLeftNChars=\count296
\FV@BreakSymbolSepRight=\dimen163
\FV@BreakSymbolSepRightNChars=\count297
\FV@BreakSymbolIndentLeft=\dimen164
\FV@BreakSymbolIndentLeftNChars=\count298
\FV@BreakSymbolIndentRight=\dimen165
\FV@BreakSymbolIndentRightNChars=\count299
\c@FancyVerbLineBreakLast=\count300
\FV@LineBox=\box55
\FV@LineIndentBox=\box56
\FV@LineWidth=\dimen166
)
(c:/texlive/2022/texmf-dist/tex/latex/tools/calc.sty
Package: calc 2017/05/25 v4.3 Infix arithmetic (KKT,FJ)
\calc@Acount=\count301
\calc@Bcount=\count302
\calc@Adimen=\dimen167
\calc@Bdimen=\dimen168
\calc@Askip=\skip51
\calc@Bskip=\skip52
LaTeX Info: Redefining \setlength on input line 80.
LaTeX Info: Redefining \addtolength on input line 81.
\calc@Ccount=\count303
\calc@Cskip=\skip53
)
(c:/texlive/2022/texmf-dist/tex/latex/tools/shellesc.sty
Package: shellesc 2019/11/08 v1.0c unified shell escape interface for LaTeX
Package shellesc Info: Unrestricted shell escape enabled on input line 75.
)
(c:/texlive/2022/texmf-dist/tex/latex/ifplatform/ifplatform.sty
Package: ifplatform 2017/10/13 v0.4a Testing for the operating system

(c:/texlive/2022/texmf-dist/tex/generic/catchfile/catchfile.sty
Package: catchfile 2019/12/09 v1.8 Catch the contents of a file (HO)
)
(c:/texlive/2022/texmf-dist/tex/generic/iftex/ifluatex.sty
Package: ifluatex 2019/10/25 v1.5 ifluatex legacy package. Use iftex instead.
))
(c:/texlive/2022/texmf-dist/tex/generic/xstring/xstring.sty
(c:/texlive/2022/texmf-dist/tex/generic/xstring/xstring.tex
\integerpart=\count304
\decimalpart=\count305
)
Package: xstring 2021/07/21 v1.84 String manipulations (CT)
)
(c:/texlive/2022/texmf-dist/tex/latex/framed/framed.sty
Package: framed 2011/10/22 v 0.96: framed or shaded text with page breaks
\OuterFrameSep=\skip54
\fb@frw=\dimen169
\fb@frh=\dimen170
\FrameRule=\dimen171
\FrameSep=\dimen172
)
(c:/texlive/2022/texmf-dist/tex/latex/float/float.sty
Package: float 2001/11/08 v1.3d Float enhancements (AL)
\c@float@type=\count306
\float@exts=\toks22
\float@box=\box57
\@float@everytoks=\toks23
\@floatcapt=\box58
)
\minted@appexistsfile=\read5
\minted@bgbox=\box59
\minted@code=\write4
\c@minted@FancyVerbLineTemp=\count307
\c@minted@pygmentizecounter=\count308
\@float@every@listing=\toks24
\c@listing=\count309
)
runsystem(if not exist _minted-docTecnica mkdir _minted-docTecnica)...executed.


(c:/texlive/2022/texmf-dist/tex/latex/adjustbox/adjustbox.sty
Package: adjustbox 2020/08/19 v1.3 Adjusting TeX boxes (trim, clip, ...)

(c:/texlive/2022/texmf-dist/tex/latex/xkeyval/xkeyval.sty
Package: xkeyval 2022/06/16 v2.9 package option processing (HA)

(c:/texlive/2022/texmf-dist/tex/generic/xkeyval/xkeyval.tex
(c:/texlive/2022/texmf-dist/tex/generic/xkeyval/xkvutils.tex
\XKV@toks=\toks25
\XKV@tempa@toks=\toks26
)
\XKV@depth=\count310
File: xkeyval.tex 2014/12/03 v2.7a key=value parser (HA)
))
(c:/texlive/2022/texmf-dist/tex/latex/adjustbox/adjcalc.sty
Package: adjcalc 2012/05/16 v1.1 Provides advanced setlength with multiple back
-ends (calc, etex, pgfmath)
)
(c:/texlive/2022/texmf-dist/tex/latex/adjustbox/trimclip.sty
Package: trimclip 2020/08/19 v1.2 Trim and clip general TeX material

(c:/texlive/2022/texmf-dist/tex/latex/collectbox/collectbox.sty
Package: collectbox 2012/05/17 v0.4b Collect macro arguments as boxes
\collectedbox=\box60
)
\tc@llx=\dimen173
\tc@lly=\dimen174
\tc@urx=\dimen175
\tc@ury=\dimen176
Package trimclip Info: Using driver 'tc-pdftex.def'.

(c:/texlive/2022/texmf-dist/tex/latex/adjustbox/tc-pdftex.def
File: tc-pdftex.def 2019/01/04 v2.2 Clipping driver for pdftex
))
\adjbox@Width=\dimen177
\adjbox@Height=\dimen178
\adjbox@Depth=\dimen179
\adjbox@Totalheight=\dimen180
\adjbox@pwidth=\dimen181
\adjbox@pheight=\dimen182
\adjbox@pdepth=\dimen183
\adjbox@ptotalheight=\dimen184

(c:/texlive/2022/texmf-dist/tex/latex/ifoddpage/ifoddpage.sty
Package: ifoddpage 2016/04/23 v1.1 Conditionals for odd/even page detection
\c@checkoddpage=\count311
)
(c:/texlive/2022/texmf-dist/tex/latex/varwidth/varwidth.sty
Package: varwidth 2009/03/30 ver 0.92;  Variable-width minipages
\@vwid@box=\box61
\sift@deathcycles=\count312
\@vwid@loff=\dimen185
\@vwid@roff=\dimen186
))
(c:/texlive/2022/texmf-dist/tex/latex/caption/caption.sty
Package: caption 2022/03/01 v3.6b Customizing captions (AR)

(c:/texlive/2022/texmf-dist/tex/latex/caption/caption3.sty
Package: caption3 2022/03/17 v2.3b caption3 kernel (AR)
\caption@tempdima=\dimen187
\captionmargin=\dimen188
\caption@leftmargin=\dimen189
\caption@rightmargin=\dimen190
\caption@width=\dimen191
\caption@indent=\dimen192
\caption@parindent=\dimen193
\caption@hangindent=\dimen194
Package caption Info: Standard document class detected.
)
\c@caption@flags=\count313
\c@continuedfloat=\count314
Package caption Info: float package is loaded.
Package caption Info: hyperref package is loaded.
)
(c:/texlive/2022/texmf-dist/tex/latex/xcolor/xcolor.sty
Package: xcolor 2022/06/12 v2.14 LaTeX color extensions (UK)

(c:/texlive/2022/texmf-dist/tex/latex/graphics-cfg/color.cfg
File: color.cfg 2016/01/02 v1.6 sample color configuration
)
Package xcolor Info: Driver file: pdftex.def on input line 227.

(c:/texlive/2022/texmf-dist/tex/latex/graphics/mathcolor.ltx)
Package xcolor Info: Model `cmy' substituted by `cmy0' on input line 1353.
Package xcolor Info: Model `hsb' substituted by `rgb' on input line 1357.
Package xcolor Info: Model `RGB' extended on input line 1369.
Package xcolor Info: Model `HTML' substituted by `rgb' on input line 1371.
Package xcolor Info: Model `Hsb' substituted by `hsb' on input line 1372.
Package xcolor Info: Model `tHsb' substituted by `hsb' on input line 1373.
Package xcolor Info: Model `HSB' substituted by `hsb' on input line 1374.
Package xcolor Info: Model `Gray' substituted by `gray' on input line 1375.
Package xcolor Info: Model `wave' substituted by `hsb' on input line 1376.
)
runsystem(for ^%i in (pygmentize.exe pygmentize.bat pygmentize.cmd) do set > do
cTecnica.aex <nul: /p x=^%~$PATH:i>> docTecnica.aex)...executed.

runsystem(del docTecnica.aex)...executed.


(c:/texlive/2022/texmf-dist/tex/latex/l3backend/l3backend-pdftex.def
File: l3backend-pdftex.def 2022-08-30 L3 backend support: PDF output (pdfTeX)
\l__color_backend_stack_int=\count315
\l__pdf_internal_box=\box62
)
(./docTecnica.aux)
\openout1 = `docTecnica.aux'.

LaTeX Font Info:    Checking defaults for OML/cmm/m/it on input line 31.
LaTeX Font Info:    ... okay on input line 31.
LaTeX Font Info:    Checking defaults for OMS/cmsy/m/n on input line 31.
LaTeX Font Info:    ... okay on input line 31.
LaTeX Font Info:    Checking defaults for OT1/cmr/m/n on input line 31.
LaTeX Font Info:    ... okay on input line 31.
LaTeX Font Info:    Checking defaults for T1/cmr/m/n on input line 31.
LaTeX Font Info:    ... okay on input line 31.
LaTeX Font Info:    Checking defaults for TS1/cmr/m/n on input line 31.
LaTeX Font Info:    ... okay on input line 31.
LaTeX Font Info:    Checking defaults for OMX/cmex/m/n on input line 31.
LaTeX Font Info:    ... okay on input line 31.
LaTeX Font Info:    Checking defaults for U/cmr/m/n on input line 31.
LaTeX Font Info:    ... okay on input line 31.
LaTeX Font Info:    Checking defaults for PD1/pdf/m/n on input line 31.
LaTeX Font Info:    ... okay on input line 31.
LaTeX Font Info:    Checking defaults for PU/pdf/m/n on input line 31.
LaTeX Font Info:    ... okay on input line 31.
LaTeX Info: Redefining \it@ocap on input line 31.
LaTeX Info: Redefining \it@ccap on input line 31.

(c:/texlive/2022/texmf-dist/tex/context/base/mkii/supp-pdf.mkii
[Loading MPS to PDF converter (version 2006.09.02).]
\scratchcounter=\count316
\scratchdimen=\dimen195
\scratchbox=\box63
\nofMPsegments=\count317
\nofMParguments=\count318
\everyMPshowfont=\toks27
\MPscratchCnt=\count319
\MPscratchDim=\dimen196
\MPnumerator=\count320
\makeMPintoPDFobject=\count321
\everyMPtoPDFconversion=\toks28
) (c:/texlive/2022/texmf-dist/tex/latex/epstopdf-pkg/epstopdf-base.sty
Package: epstopdf-base 2020-01-24 v2.11 Base part for package epstopdf
Package epstopdf-base Info: Redefining graphics rule for `.eps' on input line 4
85.

(c:/texlive/2022/texmf-dist/tex/latex/latexconfig/epstopdf-sys.cfg
File: epstopdf-sys.cfg 2010/07/13 v1.3 Configuration of (r)epstopdf for TeX Liv
e
))
Package hyperref Info: Link coloring OFF on input line 31.

(./docTecnica.out) (./docTecnica.out)
\@outlinefile=\write5
\openout5 = `docTecnica.out'.

Package caption Info: Begin \AtBeginDocument code.
Package caption Info: End \AtBeginDocument code.
LaTeX Font Info:    External font `cmex10' loaded for size
(Font)              <12> on input line 33.
LaTeX Font Info:    External font `cmex10' loaded for size
(Font)              <8> on input line 33.
LaTeX Font Info:    External font `cmex10' loaded for size
(Font)              <6> on input line 33.
 [1

{c:/texlive/2022/texmf-var/fonts/map/pdftex/updmap/pdftex.map}] (./docTecnica.t
oc
LaTeX Font Info:    External font `cmex10' loaded for size
(Font)              <7> on input line 4.
LaTeX Font Info:    External font `cmex10' loaded for size
(Font)              <5> on input line 4.
)
\tf@toc=\write6
\openout6 = `docTecnica.toc'.


pdfTeX warning (ext4): destination with the same identifier (name{page.1}) has 
been already used, duplicate ignored
<to be read again> 
                   \relax 
l.36 	
       [1] (./introduzione.tex (./gerarchiaClassi.tex
LaTeX Font Info:    Trying to load font information for T1+cmtt on input line 4
1.

(c:/texlive/2022/texmf-dist/tex/latex/base/t1cmtt.fd
File: t1cmtt.fd 2019/12/16 v2.5j Standard LaTeX font definitions
))) (./coreClasses.tex
[2]
Overfull \hbox (23.4137pt too wide) in paragraph at lines 13--14
[]\T1/cmr/m/n/10 All'avvio del pro-gram-ma la pri-ma clas-se ad es-se-re istan-
zia-ta è pro-prio [][]\T1/cmtt/m/n/10 ServerImpl[]\T1/cmr/m/n/10 ,
 []

[3]
Overfull \hbox (39.32895pt too wide) in paragraph at lines 54--55
[][][]\T1/cmtt/m/n/10 identificatore []\T1/cmr/m/n/10 ri-fe-ri-men-to a un og-g
et-to del-la clas-se enu-me-ra-ti-va [][]\T1/cmtt/m/n/10 Identificatore 
 []


Overfull \hbox (13.22502pt too wide) in paragraph at lines 84--86
 []\T1/cmr/bx/n/10 QualeEvento[] \T1/cmr/m/n/10 Clas-se enu-me-ra-ti-va de-fi-n
i-ta al-l'in-ter-no del-la clas-se [][]\T1/cmtt/m/n/10 EventoAvverso
 []


Overfull \hbox (51.34766pt too wide) in paragraph at lines 84--86
[][]\T1/cmtt/m/n/10 dolori muscolari e articolari[]\T1/cmr/m/n/10 , [][]\T1/cmt
t/m/n/10 linfoadenopatia[]\T1/cmr/m/n/10 , [][]\T1/cmtt/m/n/10 tachicardia[]\T1
/cmr/m/n/10 , [][]\T1/cmtt/m/n/10 crisi ipertensiva[]\T1/cmr/m/n/10 . 
 []

[4]) (./umlDiagrams.tex
<./img/Server.png, id=101, 595.5048pt x 779.0706pt>
File: ./img/Server.png Graphic file (type png)
<use ./img/Server.png>
Package pdftex.def Info: ./img/Server.png  used on input line 8.
(pdftex.def)             Requested size: 448.50105pt x 586.75037pt.


LaTeX Warning: Float too large for page by 9.75037pt on input line 11.

<./img/UseCaseCentriVaccinali.png, id=102, 536.2434pt x 261.6174pt>
File: ./img/UseCaseCentriVaccinali.png Graphic file (type png)
<use ./img/UseCaseCentriVaccinali.png>
Package pdftex.def Info: ./img/UseCaseCentriVaccinali.png  used on input line 1
4.
(pdftex.def)             Requested size: 345.0pt x 168.32077pt.
<./img/UseCaseCittadino.png, id=103, 646.8165pt x 310.761pt>
File: ./img/UseCaseCittadino.png Graphic file (type png)
<use ./img/UseCaseCittadino.png>
Package pdftex.def Info: ./img/UseCaseCittadino.png  used on input line 19.
(pdftex.def)             Requested size: 345.0pt x 165.75049pt.
<./img/StateMachineDiagramCentroVaccinale.png, id=104, 448.7967pt x 158.994pt>
File: ./img/StateMachineDiagramCentroVaccinale.png Graphic file (type png)
<use ./img/StateMachineDiagramCentroVaccinale.png>
Package pdftex.def Info: ./img/StateMachineDiagramCentroVaccinale.png  used on 
input line 24.
(pdftex.def)             Requested size: 345.0pt x 122.22438pt.
<./img/StateMachineDiagramCittadini.png, id=105, 518.1759pt x 205.9695pt>
File: ./img/StateMachineDiagramCittadini.png Graphic file (type png)
<use ./img/StateMachineDiagramCittadini.png>
Package pdftex.def Info: ./img/StateMachineDiagramCittadini.png  used on input 
line 29.
(pdftex.def)             Requested size: 345.0pt x 137.1377pt.
<./img/CentriVaccinaliDB.png, id=106, 591.8913pt x 296.307pt>
File: ./img/CentriVaccinaliDB.png Graphic file (type png)
<use ./img/CentriVaccinaliDB.png>
Package pdftex.def Info: ./img/CentriVaccinaliDB.png  used on input line 34.
(pdftex.def)             Requested size: 345.0pt x 172.71269pt.
) (./database.tex (./createTable.tex
\openout3 = `docTecnica.pyg'.

 (./_minted-docTecnica/default.pygstyle)
(./_minted-docTecnica/8762626527800F87204118FDD857E46EEF6DA5646BBD1235F44252DC7
409415D.pygtex
LaTeX Font Info:    Font shape `T1/cmtt/bx/n' in size <10> not available
(Font)              Font shape `T1/cmtt/m/n' tried instead on input line 2.
)
Package hyperref Info: bookmark level for unknown listing defaults to 0 on inpu
t line 9.
\openout3 = `docTecnica.pyg'.


(./_minted-docTecnica/DBAFFB6B3F3BF008E9CBCD3E5749F888EF6DA5646BBD1235F44252DC7
409415D.pygtex)
\openout3 = `docTecnica.pyg'.


(./_minted-docTecnica/0C1D5E25FE18A264034099F6E04B9790EF6DA5646BBD1235F44252DC7
409415D.pygtex)
\openout3 = `docTecnica.pyg'.


(./_minted-docTecnica/1969F82F4EE3357D349B15244C3A7D02EF6DA5646BBD1235F44252DC7
409415D.pygtex)
\openout3 = `docTecnica.pyg'.


(./_minted-docTecnica/5AEFDA8976D0954123624143FA58C54EEF6DA5646BBD1235F44252DC7
409415D.pygtex)
\openout3 = `docTecnica.pyg'.


(./_minted-docTecnica/3BC25F2E97CDCF3582A3E26082D439AFEF6DA5646BBD1235F44252DC7
409415D.pygtex))) [5] [6] [7] [8 <./img/Server.png (PNG copy)>] [9 <./img/UseCa
seCentriVaccinali.png (PNG copy)> <./img/UseCaseCittadino.png (PNG copy)> <./im
g/StateMachineDiagramCentroVaccinale.png (PNG copy)>] [10 <./img/StateMachineDi
agramCittadini.png (PNG copy)> <./img/CentriVaccinaliDB.png (PNG copy)>]
(./docTecnica.aux)
Package rerunfilecheck Info: File `docTecnica.out' has not changed.
(rerunfilecheck)             Checksum: C291E18D2395746E516E37EEA955B292;1340.
runsystem(del docTecnica.pyg)...executed.

 ) 
Here is how much of TeX's memory you used:
 16112 strings out of 476855
 282043 string characters out of 5822299
 684947 words of memory out of 5000000
 36960 multiletter control sequences out of 15000+600000
 482499 words of font info for 52 fonts, out of 8000000 for 9000
 62 hyphenation exceptions out of 8191
 75i,12n,117p,414b,692s stack positions out of 10000i,1000n,20000p,200000b,200000s
{c:/texlive/2022/texmf-dist/fonts/enc/dvips/cm-super/cm-super-t1.enc}{c:/texl
ive/2022/texmf-dist/fonts/enc/dvips/cm-super/cm-super-ts1.enc}<c:/texlive/2022/
texmf-dist/fonts/type1/public/cm-super/sfbi1000.pfb><c:/texlive/2022/texmf-dist
/fonts/type1/public/cm-super/sfbx1000.pfb><c:/texlive/2022/texmf-dist/fonts/typ
e1/public/cm-super/sfbx1200.pfb><c:/texlive/2022/texmf-dist/fonts/type1/public/
cm-super/sfbx1440.pfb><c:/texlive/2022/texmf-dist/fonts/type1/public/cm-super/s
fbx2488.pfb><c:/texlive/2022/texmf-dist/fonts/type1/public/cm-super/sfrm0700.pf
b><c:/texlive/2022/texmf-dist/fonts/type1/public/cm-super/sfrm0900.pfb><c:/texl
ive/2022/texmf-dist/fonts/type1/public/cm-super/sfrm1000.pfb><c:/texlive/2022/t
exmf-dist/fonts/type1/public/cm-super/sfrm1200.pfb><c:/texlive/2022/texmf-dist/
fonts/type1/public/cm-super/sfrm1728.pfb><c:/texlive/2022/texmf-dist/fonts/type
1/public/cm-super/sfti1000.pfb><c:/texlive/2022/texmf-dist/fonts/type1/public/c
m-super/sftt1000.pfb>
Output written on docTecnica.pdf (11 pages, 1323947 bytes).
PDF statistics:
 220 PDF objects out of 1000 (max. 8388607)
 174 compressed objects within 2 object streams
 53 named destinations out of 1000 (max. 500000)
 111 words of extra memory for PDF output out of 10000 (max. 10000000)

